<?xml version="1.0" encoding="UTF-8" ?>

<testsuite failures="0" time="0.281" errors="0" skipped="0" tests="6" name="BasicTest">
  <testcase classname="BasicTest" name="useTheCommentsRelation" time="0.031">
      </testcase>
  <testcase classname="BasicTest" name="userImagenes" time="0.016">
      </testcase>
  <testcase classname="BasicTest" name="tryConnectAsUser" time="0">
      </testcase>
  <testcase classname="BasicTest" name="userImagenes2" time="0.031">
      </testcase>
  <testcase classname="BasicTest" name="fullTest" time="0.203">
      </testcase>
  <testcase classname="BasicTest" name="createAndRetrieveUser" time="0">
      </testcase>
</testsuite>